ptions ---------------
               batch_size: 1                             
                    beta1: 0.5                           
          checkpoints_dir: ./checkpoints                 
           continue_train: False                         
                 dataroot: ./datasets/maps               	[default: None]
             dataset_mode: unaligned                     
                direction: AtoB                          
              display_env: main                          
             display_freq: 400                           
               display_id: 1                             
            display_ncols: 4                             
             display_port: 8097                          
           display_server: http://localhost              
          display_winsize: 256                           
                    epoch: latest                        
              epoch_count: 1                             
                 fineSize: 256                           
                  gpu_ids: 0                             
                init_gain: 0.02                          
                init_type: normal                        
                 input_nc: 3                             
                  isTrain: True                          	[default: None]
                 lambda_A: 10.0                          
                 lambda_B: 10.0                          
          lambda_identity: 0.5                           
                 loadSize: 286                           
                load_iter: 100                           
                       lr: 0.0002                        
           lr_decay_iters: 50                            
                lr_policy: lambda                        
         max_dataset_size: inf                           
                    model: cycle_gan                     
               n_layers_D: 3                             
                     name: maps_cyclegan                 	[default: experiment_name]
                      ndf: 64                            
                     netD: basic                         
                     netG: resnet_9blocks                
                      ngf: 64                            
                    niter: 1                             
              niter_decay: 1                             
               no_dropout: True                          
                  no_flip: False                         
                  no_html: False                         
                 no_lsgan: False                         
                     norm: instance                      
              num_threads: 4                             
                output_nc: 3                             
                    phase: train                         
                pool_size: 50                            
               print_freq: 100                           
           resize_or_crop: resize_and_crop               
             save_by_iter: False                         
          save_epoch_freq: 5                             
         save_latest_freq: 5000                          
           serial_batches: False                         
                   suffix:                               
         update_html_freq: 1000                          
                  verbose: False                         
----------------- End -------------------
dataset [UnalignedDataset] was created
#training images = 1096
initialize network with normal
initialize network with normal
initialize network with normal
initialize network with normal
model [CycleGANModel] was created
---------- Networks initialized -------------
[Network G_A] Total number of parameters : 11.378 M
[Network G_B] Total number of parameters : 11.378 M
[Network D_A] Total number of parameters : 2.765 M
[Network D_B] Total number of parameters : 2.765 M
-----------------------------------------------
create web directory ./checkpoints/maps_cyclegan/web...
(epoch: 1, iters: 100, time: 0.352, data: 0.152) D_A: 0.211 G_A: 0.429 cycle_A: 1.789 idt_A: 0.866 D_B: 1.034 G_B: 0.773 cycle_B: 1.463 idt_B: 0.870 
(epoch: 1, iters: 200, time: 0.355, data: 0.001) D_A: 0.267 G_A: 0.410 cycle_A: 0.965 idt_A: 1.151 D_B: 0.535 G_B: 0.815 cycle_B: 2.283 idt_B: 0.489 
(epoch: 1, iters: 300, time: 0.354, data: 0.001) D_A: 0.233 G_A: 0.349 cycle_A: 1.615 idt_A: 0.265 D_B: 0.311 G_B: 0.259 cycle_B: 0.599 idt_B: 0.876 
(epoch: 1, iters: 400, time: 0.798, data: 0.001) D_A: 0.220 G_A: 0.245 cycle_A: 2.195 idt_A: 0.569 D_B: 0.507 G_B: 0.608 cycle_B: 1.188 idt_B: 0.844 
(epoch: 1, iters: 500, time: 0.355, data: 0.001) D_A: 0.172 G_A: 0.374 cycle_A: 1.570 idt_A: 0.808 D_B: 0.241 G_B: 0.325 cycle_B: 1.658 idt_B: 0.794 
(epoch: 1, iters: 600, time: 0.355, data: 0.001) D_A: 0.152 G_A: 0.360 cycle_A: 1.214 idt_A: 0.670 D_B: 0.230 G_B: 0.563 cycle_B: 1.408 idt_B: 0.523 
(epoch: 1, iters: 700, time: 0.359, data: 0.001) D_A: 0.326 G_A: 0.578 cycle_A: 1.173 idt_A: 0.407 D_B: 0.368 G_B: 0.184 cycle_B: 0.976 idt_B: 0.613 
(epoch: 1, iters: 800, time: 0.769, data: 0.001) D_A: 0.156 G_A: 0.395 cycle_A: 1.676 idt_A: 0.239 D_B: 0.118 G_B: 0.238 cycle_B: 0.466 idt_B: 0.825 
(epoch: 1, iters: 900, time: 0.356, data: 0.001) D_A: 0.144 G_A: 0.255 cycle_A: 1.049 idt_A: 0.507 D_B: 0.236 G_B: 0.750 cycle_B: 0.892 idt_B: 0.482 
(epoch: 1, iters: 1000, time: 0.359, data: 0.001) D_A: 0.232 G_A: 0.542 cycle_A: 1.732 idt_A: 0.595 D_B: 0.119 G_B: 1.104 cycle_B: 1.483 idt_B: 0.786 
End of epoch 1 / 2 	 Time Taken: 389 sec
learning rate = 0.0002000
(epoch: 2, iters: 4, time: 0.358, data: 0.001) D_A: 0.231 G_A: 0.321 cycle_A: 1.015 idt_A: 0.464 D_B: 0.264 G_B: 0.402 cycle_B: 0.984 idt_B: 0.451 
(epoch: 2, iters: 104, time: 0.768, data: 0.002) D_A: 0.272 G_A: 0.634 cycle_A: 1.215 idt_A: 0.337 D_B: 0.161 G_B: 0.374 cycle_B: 0.713 idt_B: 0.550 
(epoch: 2, iters: 204, time: 0.356, data: 0.001) D_A: 0.154 G_A: 0.371 cycle_A: 1.470 idt_A: 0.564 D_B: 0.338 G_B: 0.226 cycle_B: 1.746 idt_B: 0.871 
(epoch: 2, iters: 304, time: 0.358, data: 0.001) D_A: 0.135 G_A: 0.671 cycle_A: 1.462 idt_A: 0.228 D_B: 0.295 G_B: 0.133 cycle_B: 0.515 idt_B: 0.476 
(epoch: 2, iters: 404, time: 0.355, data: 0.001) D_A: 0.500 G_A: 0.430 cycle_A: 1.088 idt_A: 0.747 D_B: 0.383 G_B: 0.508 cycle_B: 1.477 idt_B: 0.492 
(epoch: 2, iters: 504, time: 0.774, data: 0.001) D_A: 0.250 G_A: 0.392 cycle_A: 1.561 idt_A: 0.784 D_B: 0.129 G_B: 0.684 cycle_B: 1.700 idt_B: 0.782 
(epoch: 2, iters: 604, time: 0.359, data: 0.001) D_A: 0.181 G_A: 0.273 cycle_A: 1.337 idt_A: 0.420 D_B: 0.147 G_B: 0.456 cycle_B: 0.995 idt_B: 0.727 
(epoch: 2, iters: 704, time: 0.357, data: 0.001) D_A: 0.211 G_A: 0.597 cycle_A: 1.265 idt_A: 0.336 D_B: 0.213 G_B: 0.380 cycle_B: 0.959 idt_B: 0.617 
(epoch: 2, iters: 804, time: 0.356, data: 0.001) D_A: 0.126 G_A: 0.304 cycle_A: 0.846 idt_A: 0.267 D_B: 0.202 G_B: 0.348 cycle_B: 0.581 idt_B: 0.451 
(epoch: 2, iters: 904, time: 0.732, data: 0.001) D_A: 0.271 G_A: 0.399 cycle_A: 1.754 idt_A: 0.422 D_B: 0.286 G_B: 0.298 cycle_B: 1.070 idt_B: 0.528 
(epoch: 2, iters: 1004, time: 0.356, data: 0.001) D_A: 0.138 G_A: 0.708 cycle_A: 1.146 idt_A: 0.383 D_B: 0.190 G_B: 0.289 cycle_B: 0.968 idt_B: 0.498 
End of epoch 2 / 2 	 Time Taken: 391 sec
learning rate = 0.0001000
Total time: 781

