ptions ---------------
               batch_size: 1                             
                    beta1: 0.5                           
          checkpoints_dir: ./checkpoints                 
           continue_train: False                         
                 dataroot: ./datasets/maps               	[default: None]
             dataset_mode: unaligned                     
                direction: AtoB                          
              display_env: main                          
             display_freq: 400                           
               display_id: 1                             
            display_ncols: 4                             
             display_port: 8097                          
           display_server: http://localhost              
          display_winsize: 256                           
                    epoch: latest                        
              epoch_count: 1                             
                 fineSize: 256                           
                  gpu_ids: 0                             
                init_gain: 0.02                          
                init_type: normal                        
                 input_nc: 3                             
                  isTrain: True                          	[default: None]
                 lambda_A: 10.0                          
                 lambda_B: 10.0                          
          lambda_identity: 0.5                           
                 loadSize: 286                           
                load_iter: 100                           
                       lr: 0.0002                        
           lr_decay_iters: 50                            
                lr_policy: lambda                        
         max_dataset_size: inf                           
                    model: cycle_gan                     
               n_layers_D: 3                             
                     name: maps_cyclegan                 	[default: experiment_name]
                      ndf: 64                            
                     netD: basic                         
                     netG: resnet_9blocks                
                      ngf: 64                            
                    niter: 1                             
              niter_decay: 1                             
               no_dropout: True                          
                  no_flip: False                         
                  no_html: False                         
                 no_lsgan: False                         
                     norm: instance                      
              num_threads: 4                             
                output_nc: 3                             
                    phase: train                         
                pool_size: 50                            
               print_freq: 100                           
           resize_or_crop: resize_and_crop               
             save_by_iter: False                         
          save_epoch_freq: 5                             
         save_latest_freq: 5000                          
           serial_batches: False                         
                   suffix:                               
         update_html_freq: 1000                          
                  verbose: False                         
----------------- End -------------------
dataset [UnalignedDataset] was created
#training images = 1096
initialize network with normal
initialize network with normal
initialize network with normal
initialize network with normal
model [CycleGANModel] was created
---------- Networks initialized -------------
[Network G_A] Total number of parameters : 11.378 M
[Network G_B] Total number of parameters : 11.378 M
[Network D_A] Total number of parameters : 2.765 M
[Network D_B] Total number of parameters : 2.765 M
-----------------------------------------------
create web directory ./checkpoints/maps_cyclegan/web...
(epoch: 1, iters: 100, time: 0.250, data: 0.154) D_A: 0.307 G_A: 0.417 cycle_A: 2.774 idt_A: 0.430 D_B: 0.341 G_B: 0.438 cycle_B: 0.795 idt_B: 1.271 
(epoch: 1, iters: 200, time: 0.253, data: 0.001) D_A: 0.237 G_A: 0.143 cycle_A: 1.133 idt_A: 0.389 D_B: 0.287 G_B: 0.189 cycle_B: 0.857 idt_B: 0.607 
(epoch: 1, iters: 300, time: 0.252, data: 0.001) D_A: 0.179 G_A: 0.340 cycle_A: 1.814 idt_A: 0.407 D_B: 0.315 G_B: 0.511 cycle_B: 0.822 idt_B: 0.976 
(epoch: 1, iters: 400, time: 0.672, data: 0.001) D_A: 0.136 G_A: 0.588 cycle_A: 1.661 idt_A: 0.979 D_B: 0.489 G_B: 0.485 cycle_B: 1.756 idt_B: 0.799 
(epoch: 1, iters: 500, time: 0.254, data: 0.001) D_A: 0.162 G_A: 0.489 cycle_A: 1.898 idt_A: 0.258 D_B: 0.261 G_B: 0.477 cycle_B: 0.540 idt_B: 0.808 
(epoch: 1, iters: 600, time: 0.255, data: 0.001) D_A: 0.137 G_A: 0.368 cycle_A: 1.375 idt_A: 0.320 D_B: 0.224 G_B: 0.212 cycle_B: 0.562 idt_B: 0.616 
(epoch: 1, iters: 700, time: 0.254, data: 0.001) D_A: 0.127 G_A: 0.577 cycle_A: 0.980 idt_A: 0.651 D_B: 0.240 G_B: 0.425 cycle_B: 1.263 idt_B: 0.524 
(epoch: 1, iters: 800, time: 0.748, data: 0.001) D_A: 0.141 G_A: 0.591 cycle_A: 1.723 idt_A: 0.301 D_B: 0.222 G_B: 0.161 cycle_B: 0.678 idt_B: 0.936 
(epoch: 1, iters: 900, time: 0.256, data: 0.001) D_A: 0.133 G_A: 0.545 cycle_A: 1.456 idt_A: 0.515 D_B: 0.218 G_B: 0.360 cycle_B: 1.148 idt_B: 0.660 
(epoch: 1, iters: 1000, time: 0.254, data: 0.001) D_A: 0.118 G_A: 0.455 cycle_A: 1.668 idt_A: 0.812 D_B: 0.127 G_B: 0.244 cycle_B: 1.514 idt_B: 0.953 
End of epoch 1 / 2 	 Time Taken: 280 sec
learning rate = 0.0002000
(epoch: 2, iters: 4, time: 0.256, data: 0.001) D_A: 0.174 G_A: 0.233 cycle_A: 1.125 idt_A: 0.214 D_B: 0.429 G_B: 0.513 cycle_B: 0.452 idt_B: 0.592 
(epoch: 2, iters: 104, time: 0.757, data: 0.002) D_A: 0.133 G_A: 0.714 cycle_A: 1.568 idt_A: 0.246 D_B: 0.280 G_B: 0.832 cycle_B: 0.547 idt_B: 0.581 
(epoch: 2, iters: 204, time: 0.253, data: 0.001) D_A: 0.132 G_A: 0.336 cycle_A: 1.621 idt_A: 0.528 D_B: 0.246 G_B: 0.235 cycle_B: 1.731 idt_B: 0.670 
(epoch: 2, iters: 304, time: 0.257, data: 0.001) D_A: 0.183 G_A: 0.533 cycle_A: 1.512 idt_A: 0.284 D_B: 0.170 G_B: 0.196 cycle_B: 0.589 idt_B: 0.825 
(epoch: 2, iters: 404, time: 0.255, data: 0.001) D_A: 0.198 G_A: 0.248 cycle_A: 1.861 idt_A: 0.335 D_B: 0.099 G_B: 0.270 cycle_B: 0.815 idt_B: 1.043 
(epoch: 2, iters: 504, time: 0.750, data: 0.001) D_A: 0.116 G_A: 0.346 cycle_A: 1.451 idt_A: 0.207 D_B: 0.202 G_B: 0.463 cycle_B: 0.388 idt_B: 0.559 
(epoch: 2, iters: 604, time: 0.256, data: 0.001) D_A: 0.141 G_A: 0.530 cycle_A: 1.370 idt_A: 0.695 D_B: 0.282 G_B: 0.254 cycle_B: 1.650 idt_B: 0.490 
(epoch: 2, iters: 704, time: 0.255, data: 0.001) D_A: 0.135 G_A: 0.576 cycle_A: 1.247 idt_A: 0.304 D_B: 0.262 G_B: 0.196 cycle_B: 0.666 idt_B: 0.540 
(epoch: 2, iters: 804, time: 0.257, data: 0.001) D_A: 0.095 G_A: 0.531 cycle_A: 1.745 idt_A: 0.441 D_B: 0.156 G_B: 0.486 cycle_B: 0.983 idt_B: 0.804 
(epoch: 2, iters: 904, time: 0.741, data: 0.001) D_A: 0.121 G_A: 0.768 cycle_A: 1.851 idt_A: 0.270 D_B: 0.259 G_B: 0.285 cycle_B: 0.603 idt_B: 0.918 
(epoch: 2, iters: 1004, time: 0.255, data: 0.001) D_A: 0.195 G_A: 0.526 cycle_A: 1.279 idt_A: 0.372 D_B: 0.194 G_B: 0.378 cycle_B: 0.970 idt_B: 0.443 
End of epoch 2 / 2 	 Time Taken: 281 sec
learning rate = 0.0001000
start:1542001741, end: 1542002302, Total time: 561

